<?xml version="1.0" encoding="UTF-8"?>
<testng-results skipped="0" failed="0" ignored="0" total="1" passed="1">
  <reporter-output>
  </reporter-output>
  <suite name="Default suite" duration-ms="553817" started-at="2019-05-22T11:15:56Z" finished-at="2019-05-22T11:25:10Z">
    <groups>
    </groups>
    <test name="Default test" duration-ms="553817" started-at="2019-05-22T11:15:56Z" finished-at="2019-05-22T11:25:10Z">
      <class name="com.hyperlocal.hyperlocalAllDomainsTest">
        <test-method status="PASS" signature="startUp()[pri:0, instance:com.hyperlocal.hyperlocalAllDomainsTest@5622fdf]" name="startUp" is-config="true" duration-ms="22533" started-at="2019-05-22T11:15:56Z" finished-at="2019-05-22T11:16:19Z">
          <reporter-output>
          </reporter-output>
        </test-method> <!-- startUp -->
        <test-method status="PASS" signature="allDomainTest()[pri:0, instance:com.hyperlocal.hyperlocalAllDomainsTest@5622fdf]" name="allDomainTest" duration-ms="522800" started-at="2019-05-22T11:16:19Z" finished-at="2019-05-22T11:25:01Z">
          <reporter-output>
          </reporter-output>
        </test-method> <!-- allDomainTest -->
        <test-method status="PASS" signature="screenShot(org.testng.ITestResult)[pri:0, instance:com.hyperlocal.hyperlocalAllDomainsTest@5622fdf]" name="screenShot" is-config="true" duration-ms="8364" started-at="2019-05-22T11:25:01Z" finished-at="2019-05-22T11:25:10Z">
          <params>
            <param index="0">
              <value>
                <![CDATA[[TestResult name=allDomainTest status=SUCCESS method=hyperlocalAllDomainsTest.allDomainTest()[pri:0, instance:com.hyperlocal.hyperlocalAllDomainsTest@5622fdf] output={null}]]]>
              </value>
            </param>
          </params>
          <reporter-output>
          </reporter-output>
        </test-method> <!-- screenShot -->
        <test-method status="PASS" signature="email()[pri:0, instance:com.hyperlocal.hyperlocalAllDomainsTest@5622fdf]" name="email" is-config="true" duration-ms="114" started-at="2019-05-22T11:25:10Z" finished-at="2019-05-22T11:25:10Z">
          <reporter-output>
          </reporter-output>
        </test-method> <!-- email -->
      </class> <!-- com.hyperlocal.hyperlocalAllDomainsTest -->
    </test> <!-- Default test -->
  </suite> <!-- Default suite -->
</testng-results>
