<?xml version="1.0" encoding="UTF-8"?>
<!-- Generated by org.testng.reporters.JUnitXMLReporter -->
<testsuite hostname="DESKTOP-9VF53AB" ignored="11" name="Test" tests="10" failures="0" timestamp="22 May 2019 06:48:04 GMT" time="313.674" errors="0">
  <testcase name="homePageTest" time="0.103" classname="com.hyperlocal.HomePageTest"/>
  <testcase name="servicecPageTest" time="13.618" classname="com.hyperlocal.ServiceTest"/>
  <testcase name="accessoriesPageTest" time="15.067" classname="com.hyperlocal.AccessoriesTest"/>
  <testcase name="financePageTest" time="12.269" classname="com.hyperlocal.FinanceTest"/>
  <testcase name="insurancePageTest" time="13.02" classname="com.hyperlocal.InsuranceTest"/>
  <testcase name="drivingschoolPageTest" time="12.145" classname="com.hyperlocal.DrivingSchoolTest"/>
  <testcase name="careerPageTest" time="15.9" classname="com.hyperlocal.CareersTest"/>
  <testcase name="contactUsPageTest" time="6.196" classname="com.hyperlocal.ContactUsTest"/>
  <testcase name="ebookTest" time="20.119" classname="com.hyperlocal.EBookNowTest"/>
  <testcase name="aboutUsTest" time="6.65" classname="com.hyperlocal.AboutUsTest"/>
  <testcase name="@AfterSuite email" time="0.0" classname="com.hyperlocal.origin">
    <ignored/>
  </testcase> <!-- @AfterSuite email -->
  <testcase name="@AfterSuite email" time="0.0" classname="com.hyperlocal.origin">
    <ignored/>
  </testcase> <!-- @AfterSuite email -->
  <testcase name="@AfterSuite email" time="0.0" classname="com.hyperlocal.origin">
    <ignored/>
  </testcase> <!-- @AfterSuite email -->
  <testcase name="@AfterSuite email" time="0.0" classname="com.hyperlocal.origin">
    <ignored/>
  </testcase> <!-- @AfterSuite email -->
  <testcase name="@AfterSuite email" time="0.0" classname="com.hyperlocal.origin">
    <ignored/>
  </testcase> <!-- @AfterSuite email -->
  <testcase name="@AfterSuite email" time="0.0" classname="com.hyperlocal.origin">
    <ignored/>
  </testcase> <!-- @AfterSuite email -->
  <testcase name="@AfterSuite email" time="0.0" classname="com.hyperlocal.origin">
    <ignored/>
  </testcase> <!-- @AfterSuite email -->
  <testcase name="@AfterSuite email" time="0.0" classname="com.hyperlocal.origin">
    <ignored/>
  </testcase> <!-- @AfterSuite email -->
  <testcase name="@AfterSuite email" time="0.0" classname="com.hyperlocal.origin">
    <ignored/>
  </testcase> <!-- @AfterSuite email -->
  <testcase name="@AfterSuite email" time="0.0" classname="com.hyperlocal.origin">
    <ignored/>
  </testcase> <!-- @AfterSuite email -->
  <testcase name="carPageTest" time="0.0" classname="com.hyperlocal.CarPageTest">
    <ignored/>
  </testcase> <!-- carPageTest -->
</testsuite> <!-- Test -->
